Connection address: ('127.0.0.1', 36732)
Packet with SN 0 arrived - <sn0>/start/G72LZB3HJWFOF
Accepted packet:  <sn0>/start/G72LZB3HJWFOF
Packet with SN 1 arrived - <sn1>JIY8FW9UL4VCHZDYD9Q9
Accepted packet:  <sn1>JIY8FW9UL4VCHZDYD9Q9
Packet with SN 2 arrived - <sn2>JCD9OM2VL9BH47YUS0V6
Accepted packet:  <sn2>JCD9OM2VL9BH47YUS0V6
Packet with SN 3 arrived - <sn3>ZIND9IKSHZFP01N9AB3W
Packet with SN 3 is corrupted.
Sending NACK for packet with SN:  3
Packet with SN 4 arrived - <sn4>LOGKAGFDC23AALP/end/
Accepted packet:  <sn4>LOGKAGFDC23AALP/end/
Packet with SN 5 arrived - <sn5>/start/8K5XFM5ZUBS5B
Accepted packet:  <sn5>/start/8K5XFM5ZUBS5B
Packet with SN 6 arrived - <sn6>IL4GEG1QU4LO7F9/end/
Packet with SN 6 is corrupted.
Sending NACK for packet with SN:  6
Packet with SN 3 arrived - <sn3>ZIND9IKSHZFP01N9AB3W
Packet with SN 3 is corrupted.
Sending NACK for packet with SN:  3
Packet with SN 7 arrived - <sn7>/start/BNF1HW7GAZGV3
Accepted packet:  <sn7>/start/BNF1HW7GAZGV3
Packet with SN 6 arrived - <sn6>IL4GEG1QU4LO7F9/end/
Packet with SN 6 is corrupted.
Sending NACK for packet with SN:  6
Packet with SN 3 arrived - <sn3>ZIND9IKSHZFP01N9AB3W
Accepted packet:  <sn3>ZIND9IKSHZFP01N9AB3W
Packet with SN 6 arrived - <sn6>IL4GEG1QU4LO7F9/end/
Accepted packet:  <sn6>IL4GEG1QU4LO7F9/end/
Sending ACK for packet with SN:  7
Received message of length 100 in 5 packet(s).
Received message of length 40 in 2 packet(s).
Packet with SN 0 arrived - <sn0>LLSXYUS47S8UJA0/end/
Packet with SN 0 is corrupted.
Sending NACK for packet with SN:  0
Packet with SN 1 arrived - <sn1>/start/1SVXBLU5YYV2B
Packet with SN 1 is corrupted.
Sending NACK for packet with SN:  1
Packet with SN 2 arrived - <sn2>KFKLGXG1YOAC6QP/end/
Accepted packet:  <sn2>KFKLGXG1YOAC6QP/end/
Packet with SN 3 arrived - <sn3>/start/335M7SXC7GHVP
Accepted packet:  <sn3>/start/335M7SXC7GHVP
Packet with SN 0 arrived - <sn0>LLSXYUS47S8UJA0/end/
Accepted packet:  <sn0>LLSXYUS47S8UJA0/end/
Packet with SN 4 arrived - <sn4>CA67P5S63BQ6KUD4B5PW
Accepted packet:  <sn4>CA67P5S63BQ6KUD4B5PW
Packet with SN 5 arrived - <sn5>QR0PW9P2GY5GOTG0DICV
Accepted packet:  <sn5>QR0PW9P2GY5GOTG0DICV
Packet with SN 6 arrived - <sn6>ROIBKOFMWPCLSG7/end/
Accepted packet:  <sn6>ROIBKOFMWPCLSG7/end/
Packet with SN 7 arrived - <sn7>/start/YQRU9YGG03PBX
Accepted packet:  <sn7>/start/YQRU9YGG03PBX
Packet with SN 1 arrived - <sn1>/start/1SVXBLU5YYV2B
Packet with SN 1 is corrupted.
Sending NACK for packet with SN:  1
Packet with SN 1 arrived - <sn1>/start/1SVXBLU5YYV2B
Accepted packet:  <sn1>/start/1SVXBLU5YYV2B
Sending ACK for packet with SN:  7
Received message of length 40 in 2 packet(s).
Received message of length 40 in 2 packet(s).
Received message of length 80 in 4 packet(s).
Packet with SN 0 arrived - <sn0>T7OBRQUGQ98P9A1/end/
Packet with SN 0 is corrupted.
Sending NACK for packet with SN:  0
Packet with SN 1 arrived - <sn1>/start/UMSJPMM8/end/
Accepted packet:  <sn1>/start/UMSJPMM8/end/
Packet with SN 2 arrived - <sn2>/start/V7YRT703FV5CV
Accepted packet:  <sn2>/start/V7YRT703FV5CV
Packet with SN 3 arrived - <sn3>L7ZHV9M8WB2A30Z/end/
Accepted packet:  <sn3>L7ZHV9M8WB2A30Z/end/
Packet with SN 0 arrived - <sn0>T7OBRQUGQ98P9A1/end/
Packet with SN 0 is corrupted.
Sending NACK for packet with SN:  0
Packet with SN 4 arrived - <sn4>/start/R5JJK3PKWPTGX
Accepted packet:  <sn4>/start/R5JJK3PKWPTGX
Packet with SN 5 arrived - <sn5>NTKD0HY5LV6QGE4U1803
Packet with SN 5 is corrupted.
Sending NACK for packet with SN:  5
Packet with SN 6 arrived - <sn6>SE2N607BNUKCD0RW8DEX
Accepted packet:  <sn6>SE2N607BNUKCD0RW8DEX
Packet with SN 7 arrived - <sn7>EPU0VLTCQ2G4OKY/end/
Accepted packet:  <sn7>EPU0VLTCQ2G4OKY/end/
Packet with SN 0 arrived - <sn0>T7OBRQUGQ98P9A1/end/
Accepted packet:  <sn0>T7OBRQUGQ98P9A1/end/
Packet with SN 5 arrived - <sn5>NTKD0HY5LV6QGE4U1803
Accepted packet:  <sn5>NTKD0HY5LV6QGE4U1803
Sending ACK for packet with SN:  7
Received message of length 40 in 2 packet(s).
Received message of length 20 in 1 packet(s).
Received message of length 40 in 2 packet(s).
Received message of length 80 in 4 packet(s).
Packet with SN 0 arrived - <sn0>/start/1PLXR2776PM98
Accepted packet:  <sn0>/start/1PLXR2776PM98
Packet with SN 1 arrived - <sn1>H99P9C8PCF70GTKBQ8DH
Accepted packet:  <sn1>H99P9C8PCF70GTKBQ8DH
Packet with SN 2 arrived - <sn2>WLOODO5KT24EXTCEOCU4
Accepted packet:  <sn2>WLOODO5KT24EXTCEOCU4
Packet with SN 3 arrived - <sn3>P4KP5JRZC5L7CMF/end/
Packet with SN 3 is corrupted.
Sending NACK for packet with SN:  3
Packet with SN 4 arrived - <sn4>/start/SMMSEQJWQ2HB1
Accepted packet:  <sn4>/start/SMMSEQJWQ2HB1
Packet with SN 5 arrived - <sn5>OVTMPT5T4DYKQVF/end/
Accepted packet:  <sn5>OVTMPT5T4DYKQVF/end/
Packet with SN 6 arrived - <sn6>/start/497RE303/end/
Accepted packet:  <sn6>/start/497RE303/end/
Packet with SN 3 arrived - <sn3>P4KP5JRZC5L7CMF/end/
Accepted packet:  <sn3>P4KP5JRZC5L7CMF/end/
Packet with SN 7 arrived - <sn7>/start/QRLJV8JWADEXL
Accepted packet:  <sn7>/start/QRLJV8JWADEXL
Sending ACK for packet with SN:  7
Received message of length 80 in 4 packet(s).
Received message of length 40 in 2 packet(s).
Received message of length 20 in 1 packet(s).
Packet with SN 0 arrived - <sn0>8I2Q568DQXW4HCM/end/
Packet with SN 0 is corrupted.
Sending NACK for packet with SN:  0
Packet with SN 1 arrived - <sn1>/start/MP6N40B0/end/
Packet with SN 1 is corrupted.
Sending NACK for packet with SN:  1
Packet with SN 2 arrived - <sn2>/start/ML52LYE79ICX8
Accepted packet:  <sn2>/start/ML52LYE79ICX8
Packet with SN 3 arrived - <sn3>695DAIZ6P2R0SW0/end/
Accepted packet:  <sn3>695DAIZ6P2R0SW0/end/
Packet with SN 0 arrived - <sn0>8I2Q568DQXW4HCM/end/
Accepted packet:  <sn0>8I2Q568DQXW4HCM/end/
Packet with SN 4 arrived - <sn4>/start/ZQ5CKNVELJIJI
Accepted packet:  <sn4>/start/ZQ5CKNVELJIJI
Packet with SN 5 arrived - <sn5>KNT6Y6JEKHV8H439KYPI
Accepted packet:  <sn5>KNT6Y6JEKHV8H439KYPI
Packet with SN 6 arrived - <sn6>BUVXRWOMDXJROXRNE6PG
Accepted packet:  <sn6>BUVXRWOMDXJROXRNE6PG
Packet with SN 7 arrived - <sn7>KLS71GWDF22QS0EKWLE0
Accepted packet:  <sn7>KLS71GWDF22QS0EKWLE0
Packet with SN 1 arrived - <sn1>/start/MP6N40B0/end/
Accepted packet:  <sn1>/start/MP6N40B0/end/
Sending ACK for packet with SN:  7
Received message of length 40 in 2 packet(s).
Received message of length 20 in 1 packet(s).
Received message of length 40 in 2 packet(s).
Packet with SN 0 arrived - <sn0>FO6R6PB6K18J9D2/end/
Accepted packet:  <sn0>FO6R6PB6K18J9D2/end/
Packet with SN 1 arrived - <sn1>/start/ONL2ZZZ5EASJD
Accepted packet:  <sn1>/start/ONL2ZZZ5EASJD
Packet with SN 2 arrived - <sn2>TWLN9B1TOMW7CL7D5P15
Accepted packet:  <sn2>TWLN9B1TOMW7CL7D5P15
Packet with SN 3 arrived - <sn3>PYC2UDS7MGMO0GCDZ8T6
Accepted packet:  <sn3>PYC2UDS7MGMO0GCDZ8T6
Packet with SN 4 arrived - <sn4>GDCE8FSIMBZ0CKS/end/
Accepted packet:  <sn4>GDCE8FSIMBZ0CKS/end/
Packet with SN 5 arrived - <sn5>/start/MFHN6FKHAXR5K
Accepted packet:  <sn5>/start/MFHN6FKHAXR5K
Packet with SN 6 arrived - <sn6>95G016T5DL998EK1N0PW
Accepted packet:  <sn6>95G016T5DL998EK1N0PW
Packet with SN 7 arrived - <sn7>0HLD70YYXG9R05Q223V3
Packet with SN 7 is corrupted.
Sending NACK for packet with SN:  7
Packet with SN 7 arrived - <sn7>0HLD70YYXG9R05Q223V3
Packet with SN 7 is corrupted.
Sending NACK for packet with SN:  7
Packet with SN 7 arrived - <sn7>0HLD70YYXG9R05Q223V3
Accepted packet:  <sn7>0HLD70YYXG9R05Q223V3
Sending ACK for packet with SN:  7
Received message of length 100 in 5 packet(s).
Received message of length 80 in 4 packet(s).
Packet with SN 0 arrived - <sn0>ZKD5QAVOW0J3F4N/end/
Accepted packet:  <sn0>ZKD5QAVOW0J3F4N/end/
Packet with SN 1 arrived - <sn1>/start/CFH3K6HQ79UPJ
Accepted packet:  <sn1>/start/CFH3K6HQ79UPJ
Packet with SN 2 arrived - <sn2>BN1K4O5KVLWZX28GQ36L
Accepted packet:  <sn2>BN1K4O5KVLWZX28GQ36L
Packet with SN 3 arrived - <sn3>41IIQT5H5LLJ4NH/end/
Accepted packet:  <sn3>41IIQT5H5LLJ4NH/end/
Packet with SN 4 arrived - <sn4>/start/WBXJZXMH52EWK
Accepted packet:  <sn4>/start/WBXJZXMH52EWK
Packet with SN 5 arrived - <sn5>0S1FEEA7TDRN8ACRNI4Z
Packet with SN 5 is corrupted.
Sending NACK for packet with SN:  5
Packet with SN 6 arrived - <sn6>GVYN9OBL9KKQZ0XNV0NR
Packet with SN 6 is corrupted.
Sending NACK for packet with SN:  6
Packet with SN 7 arrived - <sn7>PZDXKNXUYVG4UHG/end/
Accepted packet:  <sn7>PZDXKNXUYVG4UHG/end/
Packet with SN 5 arrived - <sn5>0S1FEEA7TDRN8ACRNI4Z
Accepted packet:  <sn5>0S1FEEA7TDRN8ACRNI4Z
Packet with SN 6 arrived - <sn6>GVYN9OBL9KKQZ0XNV0NR
Accepted packet:  <sn6>GVYN9OBL9KKQZ0XNV0NR
Sending ACK for packet with SN:  7
Received message of length 80 in 4 packet(s).
Received message of length 60 in 3 packet(s).
Received message of length 80 in 4 packet(s).
Packet with SN 0 arrived - <sn0>/start/KC5K2KOKVVBMI
Accepted packet:  <sn0>/start/KC5K2KOKVVBMI
Packet with SN 1 arrived - <sn1>13RCOYEN2VYVO986IU8Z
Accepted packet:  <sn1>13RCOYEN2VYVO986IU8Z
Packet with SN 2 arrived - <sn2>I0140ZQ2KHXBIKF/end/
Accepted packet:  <sn2>I0140ZQ2KHXBIKF/end/
Packet with SN 3 arrived - <sn3>/start/EEY6PIQDXB10G
Accepted packet:  <sn3>/start/EEY6PIQDXB10G
Packet with SN 4 arrived - <sn4>41VBPG80NXCZFY22Q7PE
Accepted packet:  <sn4>41VBPG80NXCZFY22Q7PE
Packet with SN 5 arrived - <sn5>39DR6SFRBV1XR2N/end/
Accepted packet:  <sn5>39DR6SFRBV1XR2N/end/
Packet with SN 6 arrived - <sn6>/start/M0T0KB2PGRZ6H
Accepted packet:  <sn6>/start/M0T0KB2PGRZ6H
Packet with SN 7 arrived - <sn7>MXQZCHTC5HYLK0A/end/
Accepted packet:  <sn7>MXQZCHTC5HYLK0A/end/
Sending ACK for packet with SN:  7
Received message of length 60 in 3 packet(s).
Received message of length 60 in 3 packet(s).
Received message of length 40 in 2 packet(s).
Packet with SN 0 arrived - <sn0>/start/EHJCBMZB/end/
Packet with SN 0 is corrupted.
Sending NACK for packet with SN:  0
Packet with SN 1 arrived - <sn1>/start/805FOMC2DO6K8
Accepted packet:  <sn1>/start/805FOMC2DO6K8
Packet with SN 2 arrived - <sn2>DJO5OTPGV0E2B5RLFCPP
Packet with SN 2 is corrupted.
Sending NACK for packet with SN:  2
Packet with SN 3 arrived - <sn3>D13IJURYVQWJSP4JZHIH
Accepted packet:  <sn3>D13IJURYVQWJSP4JZHIH
Packet with SN 0 arrived - <sn0>/start/EHJCBMZB/end/
Accepted packet:  <sn0>/start/EHJCBMZB/end/
Packet with SN 4 arrived - <sn4>QNMR3AJ0JZHST8X/end/
Accepted packet:  <sn4>QNMR3AJ0JZHST8X/end/
Packet with SN 5 arrived - <sn5>/start/W52AYFV1KOSML
Accepted packet:  <sn5>/start/W52AYFV1KOSML
Packet with SN 6 arrived - <sn6>ZNNK2OHW85RV5CS/end/
Accepted packet:  <sn6>ZNNK2OHW85RV5CS/end/
Packet with SN 7 arrived - <sn7>/start/W8EFVKZPDSDAI
Packet with SN 7 is corrupted.
Sending NACK for packet with SN:  7
Packet with SN 2 arrived - <sn2>DJO5OTPGV0E2B5RLFCPP
Accepted packet:  <sn2>DJO5OTPGV0E2B5RLFCPP
Packet with SN 7 arrived - <sn7>/start/W8EFVKZPDSDAI
Accepted packet:  <sn7>/start/W8EFVKZPDSDAI
Sending ACK for packet with SN:  7
Received message of length 20 in 1 packet(s).
Received message of length 80 in 4 packet(s).
Received message of length 40 in 2 packet(s).
Packet with SN 0 arrived - <sn0>CQBQC74YS4ACNJG73X2F
Accepted packet:  <sn0>CQBQC74YS4ACNJG73X2F
Packet with SN 1 arrived - <sn1>1JC1RCLK21RXVNASOAIM
Accepted packet:  <sn1>1JC1RCLK21RXVNASOAIM
Packet with SN 2 arrived - <sn2>8MJQ1WBE73D3XJYHPX38
Accepted packet:  <sn2>8MJQ1WBE73D3XJYHPX38
Packet with SN 3 arrived - <sn3>SNO2R2Q8NWZLDL2/end/
Accepted packet:  <sn3>SNO2R2Q8NWZLDL2/end/
Packet with SN 4 arrived - <sn4>/start/WBZU9GLSD75GI
Packet with SN 4 is corrupted.
Sending NACK for packet with SN:  4
Packet with SN 5 arrived - <sn5>SG4QQKACPPIED1M5JMRA
Accepted packet:  <sn5>SG4QQKACPPIED1M5JMRA
Packet with SN 6 arrived - <sn6>P5GLFAD2QYATA7NUZGMR
Accepted packet:  <sn6>P5GLFAD2QYATA7NUZGMR
Packet with SN 7 arrived - <sn7>M9UHQOONRXBHL2B/end/
Accepted packet:  <sn7>M9UHQOONRXBHL2B/end/
Packet with SN 4 arrived - <sn4>/start/WBZU9GLSD75GI
Accepted packet:  <sn4>/start/WBZU9GLSD75GI
Sending ACK for packet with SN:  7
Received message of length 100 in 5 packet(s).
Received message of length 80 in 4 packet(s).
Packet with SN 0 arrived - <sn0>/start/9RIJN9U97SAGI
Accepted packet:  <sn0>/start/9RIJN9U97SAGI
Packet with SN 1 arrived - <sn1>NDLAKUWANCK1ZKP/end/
Packet with SN 1 is corrupted.
Sending NACK for packet with SN:  1
Packet with SN 2 arrived - <sn2>/start/0AU0RLGDQ2AAL
Accepted packet:  <sn2>/start/0AU0RLGDQ2AAL
Packet with SN 3 arrived - <sn3>D7NLT7VHUZWRR84MAHQ5
Accepted packet:  <sn3>D7NLT7VHUZWRR84MAHQ5
Packet with SN 4 arrived - <sn4>JASUTBKL0ILRVU0H9VYQ
Accepted packet:  <sn4>JASUTBKL0ILRVU0H9VYQ
Packet with SN 1 arrived - <sn1>NDLAKUWANCK1ZKP/end/
Accepted packet:  <sn1>NDLAKUWANCK1ZKP/end/
Packet with SN 5 arrived - <sn5>9V6TW8ZWFEVYST2/end/
Accepted packet:  <sn5>9V6TW8ZWFEVYST2/end/
Packet with SN 6 arrived - <sn6>/start/RJFP4JGN58JG0
Accepted packet:  <sn6>/start/RJFP4JGN58JG0
Packet with SN 7 arrived - <sn7>N1GO0VO8DVS8FOM/end/
Accepted packet:  <sn7>N1GO0VO8DVS8FOM/end/
Sending ACK for packet with SN:  7
Received message of length 40 in 2 packet(s).
Received message of length 80 in 4 packet(s).
Received message of length 40 in 2 packet(s).
Packet with SN 0 arrived - <sn0>/start/TXUINXB35WUPI
Accepted packet:  <sn0>/start/TXUINXB35WUPI
Packet with SN 1 arrived - <sn1>VKPRDGAG7B71VZPKI9TG
Accepted packet:  <sn1>VKPRDGAG7B71VZPKI9TG
Packet with SN 2 arrived - <sn2>ASZW74B7NIAOGKP/end/
Accepted packet:  <sn2>ASZW74B7NIAOGKP/end/
Packet with SN 3 arrived - <sn3>/start/6CCN8SY09V2NQ
Accepted packet:  <sn3>/start/6CCN8SY09V2NQ
Packet with SN 4 arrived - <sn4>DD4267XCR6ZSTFO5NLKR
Accepted packet:  <sn4>DD4267XCR6ZSTFO5NLKR
Packet with SN 5 arrived - <sn5>SO90OI59ELI0FLB/end/
Accepted packet:  <sn5>SO90OI59ELI0FLB/end/
Packet with SN 6 arrived - <sn6>/start/ZN3H1GI4J1TUR
Packet with SN 6 is corrupted.
Sending NACK for packet with SN:  6
Packet with SN 7 arrived - <sn7>A0UNZ80KG6RSTVM/end/
Accepted packet:  <sn7>A0UNZ80KG6RSTVM/end/
Packet with SN 6 arrived - <sn6>/start/ZN3H1GI4J1TUR
Accepted packet:  <sn6>/start/ZN3H1GI4J1TUR
Sending ACK for packet with SN:  7
Received message of length 60 in 3 packet(s).
Received message of length 60 in 3 packet(s).
Received message of length 40 in 2 packet(s).
Packet with SN 0 arrived - <sn0>/start/9PWH4BKGCM15U
Accepted packet:  <sn0>/start/9PWH4BKGCM15U
Packet with SN 1 arrived - <sn1>45VGPH4RUT2228DZG6LF
Accepted packet:  <sn1>45VGPH4RUT2228DZG6LF
Packet with SN 2 arrived - <sn2>KXX16DTVSODSKIG/end/
Accepted packet:  <sn2>KXX16DTVSODSKIG/end/
Packet with SN 3 arrived - <sn3>/start/K5O8Y1TJCV7KT
Accepted packet:  <sn3>/start/K5O8Y1TJCV7KT
Packet with SN 4 arrived - <sn4>R6ZIUF5AMXBBZAK1JHFO
Accepted packet:  <sn4>R6ZIUF5AMXBBZAK1JHFO
Packet with SN 5 arrived - <sn5>POL6O3J3WD0U00HWIRYL
Accepted packet:  <sn5>POL6O3J3WD0U00HWIRYL
Packet with SN 6 arrived - <sn6>AJB2L57CRGTGVFM/end/
Accepted packet:  <sn6>AJB2L57CRGTGVFM/end/
Packet with SN 7 arrived - <sn7>/start/TUYWQXNZP7V2D
Accepted packet:  <sn7>/start/TUYWQXNZP7V2D
Sending ACK for packet with SN:  7
Received message of length 60 in 3 packet(s).
Received message of length 80 in 4 packet(s).
Packet with SN 0 arrived - <sn0>8RKSP987B9DK5H7N4LT4
Accepted packet:  <sn0>8RKSP987B9DK5H7N4LT4
Packet with SN 1 arrived - <sn1>SZ7XLJZK84NICTX/end/
Accepted packet:  <sn1>SZ7XLJZK84NICTX/end/
Packet with SN 2 arrived - <sn2>/start/0E442SD859HSU
Accepted packet:  <sn2>/start/0E442SD859HSU
Packet with SN 3 arrived - <sn3>HFOHE40L3CME2Y8A2MD5
Accepted packet:  <sn3>HFOHE40L3CME2Y8A2MD5
Packet with SN 4 arrived - <sn4>D8TZ4D6D5K4DY02/end/
Packet with SN 4 is corrupted.
Sending NACK for packet with SN:  4
Packet with SN 5 arrived - <sn5>/start/TTHXQ1W8Q6TY4
Accepted packet:  <sn5>/start/TTHXQ1W8Q6TY4
Packet with SN 6 arrived - <sn6>GERU8CJ3848Z2VE/end/
Accepted packet:  <sn6>GERU8CJ3848Z2VE/end/
Packet with SN 7 arrived - <sn7>/start/AK6ZNL7D/end/
Packet with SN 7 is corrupted.
Sending NACK for packet with SN:  7
Packet with SN 4 arrived - <sn4>D8TZ4D6D5K4DY02/end/
Accepted packet:  <sn4>D8TZ4D6D5K4DY02/end/
Packet with SN 7 arrived - <sn7>/start/AK6ZNL7D/end/
Packet with SN 7 is corrupted.
Sending NACK for packet with SN:  7
Packet with SN 7 arrived - <sn7>/start/AK6ZNL7D/end/
Accepted packet:  <sn7>/start/AK6ZNL7D/end/
Sending ACK for packet with SN:  7
Received message of length 60 in 3 packet(s).
Received message of length 60 in 3 packet(s).
Received message of length 40 in 2 packet(s).
Received message of length 20 in 1 packet(s).
Packet with SN 0 arrived - <sn0>/start/LA7TR6Z2OMH0Z
Packet with SN 0 is corrupted.
Sending NACK for packet with SN:  0
Packet with SN 1 arrived - <sn1>M4OD5ZMPDUQ24MWR9SRY
Accepted packet:  <sn1>M4OD5ZMPDUQ24MWR9SRY
Packet with SN 2 arrived - <sn2>9RISKHILZJ1WH8X/end/
Accepted packet:  <sn2>9RISKHILZJ1WH8X/end/
Packet with SN 3 arrived - <sn3>/start/EC6IPD6TMGSZ3
Accepted packet:  <sn3>/start/EC6IPD6TMGSZ3
Packet with SN 0 arrived - <sn0>/start/LA7TR6Z2OMH0Z
Accepted packet:  <sn0>/start/LA7TR6Z2OMH0Z
Packet with SN 4 arrived - <sn4>U72ABG4SO7BNCCXLYZIK
Packet with SN 4 is corrupted.
Sending NACK for packet with SN:  4
Packet with SN 5 arrived - <sn5>AG6GBSK9NVAXSQJUFSEW
Accepted packet:  <sn5>AG6GBSK9NVAXSQJUFSEW
Packet with SN 6 arrived - <sn6>4JDDI8GPPZNSO37FEIBT
Packet with SN 6 is corrupted.
Sending NACK for packet with SN:  6
Packet with SN 7 arrived - <sn7>18XKVCZZHKQQI99/end/
Accepted packet:  <sn7>18XKVCZZHKQQI99/end/
Packet with SN 4 arrived - <sn4>U72ABG4SO7BNCCXLYZIK
Accepted packet:  <sn4>U72ABG4SO7BNCCXLYZIK
Packet with SN 6 arrived - <sn6>4JDDI8GPPZNSO37FEIBT
Accepted packet:  <sn6>4JDDI8GPPZNSO37FEIBT
Sending ACK for packet with SN:  7
Received message of length 60 in 3 packet(s).
Received message of length 100 in 5 packet(s).
Packet with SN 0 arrived - <sn0>/start/IVOS97PW18L1S
Packet with SN 0 is corrupted.
Sending NACK for packet with SN:  0
Packet with SN 1 arrived - <sn1>4UZ0OHSYZU9SZJ54C2W7
Accepted packet:  <sn1>4UZ0OHSYZU9SZJ54C2W7
Packet with SN 2 arrived - <sn2>QEEO79TQW9S5X4YJT48L
Packet with SN 2 is corrupted.
Sending NACK for packet with SN:  2
Packet with SN 3 arrived - <sn3>JPUPVHXTWTXI7WV59ITZ
Accepted packet:  <sn3>JPUPVHXTWTXI7WV59ITZ
Packet with SN 0 arrived - <sn0>/start/IVOS97PW18L1S
Accepted packet:  <sn0>/start/IVOS97PW18L1S
Packet with SN 4 arrived - <sn4>EBBJB4WHYW6FLUQ/end/
Accepted packet:  <sn4>EBBJB4WHYW6FLUQ/end/
Packet with SN 5 arrived - <sn5>/start/H5VJ28HP9KRCK
Accepted packet:  <sn5>/start/H5VJ28HP9KRCK
Packet with SN 6 arrived - <sn6>EPHVRLGV32FGX1TJJHTW
Accepted packet:  <sn6>EPHVRLGV32FGX1TJJHTW
Packet with SN 7 arrived - <sn7>LTNP8W9V90KR1WUKMJ39
Packet with SN 7 is corrupted.
Sending NACK for packet with SN:  7
Packet with SN 2 arrived - <sn2>QEEO79TQW9S5X4YJT48L
Accepted packet:  <sn2>QEEO79TQW9S5X4YJT48L
Packet with SN 7 arrived - <sn7>LTNP8W9V90KR1WUKMJ39
Accepted packet:  <sn7>LTNP8W9V90KR1WUKMJ39
Sending ACK for packet with SN:  7
Received message of length 100 in 5 packet(s).
Packet with SN 0 arrived - <sn0>VM9FK5E2ZCUWXSD4ZGU2
Accepted packet:  <sn0>VM9FK5E2ZCUWXSD4ZGU2
Packet with SN 1 arrived - <sn1>XI2W6M4FAV1208B/end/
Packet with SN 1 is corrupted.
Sending NACK for packet with SN:  1
Packet with SN 2 arrived - <sn2>/start/MVBPXABIM1ZR5
Packet with SN 2 is corrupted.
Sending NACK for packet with SN:  2
Packet with SN 3 arrived - <sn3>ETL7VP8Q15KQNVK5JH25
Accepted packet:  <sn3>ETL7VP8Q15KQNVK5JH25
Packet with SN 4 arrived - <sn4>YKECVH69PQQ8VR2MQQLQ
Accepted packet:  <sn4>YKECVH69PQQ8VR2MQQLQ
Packet with SN 1 arrived - <sn1>XI2W6M4FAV1208B/end/
Accepted packet:  <sn1>XI2W6M4FAV1208B/end/
Packet with SN 5 arrived - <sn5>ZU0ADG6CQOAKV7P/end/
Accepted packet:  <sn5>ZU0ADG6CQOAKV7P/end/
Packet with SN 6 arrived - <sn6>/start/85R6BIFOTM2YP
Accepted packet:  <sn6>/start/85R6BIFOTM2YP
Packet with SN 7 arrived - <sn7>5BR4MHHDGIJN76Y/end/
Accepted packet:  <sn7>5BR4MHHDGIJN76Y/end/
Packet with SN 2 arrived - <sn2>/start/MVBPXABIM1ZR5
Accepted packet:  <sn2>/start/MVBPXABIM1ZR5
Sending ACK for packet with SN:  7
Received message of length 100 in 5 packet(s).
Received message of length 80 in 4 packet(s).
Received message of length 40 in 2 packet(s).
Packet with SN 0 arrived - <sn0>/start/HHNLODIHU4VQP
Packet with SN 0 is corrupted.
Sending NACK for packet with SN:  0
Packet with SN 1 arrived - <sn1>OLX7QQFF360WPGYYF9FJ
Accepted packet:  <sn1>OLX7QQFF360WPGYYF9FJ
Packet with SN 2 arrived - <sn2>ZIU6E9OPCQOQ24JDX3T8
Accepted packet:  <sn2>ZIU6E9OPCQOQ24JDX3T8
Packet with SN 3 arrived - <sn3>HYFQZY4WOE2VKHNNJ8E9
Accepted packet:  <sn3>HYFQZY4WOE2VKHNNJ8E9
Packet with SN 0 arrived - <sn0>/start/HHNLODIHU4VQP
Accepted packet:  <sn0>/start/HHNLODIHU4VQP
Packet with SN 4 arrived - <sn4>9Q1VYE251NNSXM1/end/
Packet with SN 4 is corrupted.
Sending NACK for packet with SN:  4
Packet with SN 5 arrived - <sn5>/start/GATDSSCOQUVV0
Accepted packet:  <sn5>/start/GATDSSCOQUVV0
Packet with SN 6 arrived - <sn6>EZLELAH9WHFAV7VMF7F6
Accepted packet:  <sn6>EZLELAH9WHFAV7VMF7F6
Packet with SN 7 arrived - <sn7>5D822LTUBM7M7YRTP91B
Accepted packet:  <sn7>5D822LTUBM7M7YRTP91B
Packet with SN 4 arrived - <sn4>9Q1VYE251NNSXM1/end/
Accepted packet:  <sn4>9Q1VYE251NNSXM1/end/
Sending ACK for packet with SN:  7
Received message of length 100 in 5 packet(s).
Packet with SN 0 arrived - <sn0>R98KZKW73QDLZGF2A2UT
Accepted packet:  <sn0>R98KZKW73QDLZGF2A2UT
Packet with SN 1 arrived - <sn1>0DSFYGEV5V7NR84/end/
Accepted packet:  <sn1>0DSFYGEV5V7NR84/end/
Packet with SN 2 arrived - <sn2>/start/GAHJ4QMHI0F7J
Accepted packet:  <sn2>/start/GAHJ4QMHI0F7J
Packet with SN 3 arrived - <sn3>1NJX9SQ06IG7CBQIA6PB
Accepted packet:  <sn3>1NJX9SQ06IG7CBQIA6PB
Packet with SN 4 arrived - <sn4>LOI8166GZLZ6BU7/end/
Accepted packet:  <sn4>LOI8166GZLZ6BU7/end/
Packet with SN 5 arrived - <sn5>/start/2GNGLH6PR8TGW
Accepted packet:  <sn5>/start/2GNGLH6PR8TGW
Packet with SN 6 arrived - <sn6>6XQ6EAW09Y9QXHS7HC6A
Accepted packet:  <sn6>6XQ6EAW09Y9QXHS7HC6A
Packet with SN 7 arrived - <sn7>MY4GO8H9CVSK0WB/end/
Packet with SN 7 is corrupted.
Sending NACK for packet with SN:  7
Packet with SN 7 arrived - <sn7>MY4GO8H9CVSK0WB/end/
Packet with SN 7 is corrupted.
Sending NACK for packet with SN:  7
Packet with SN 7 arrived - <sn7>MY4GO8H9CVSK0WB/end/
Accepted packet:  <sn7>MY4GO8H9CVSK0WB/end/
Sending ACK for packet with SN:  7
Received message of length 100 in 5 packet(s).
Received message of length 60 in 3 packet(s).
Received message of length 60 in 3 packet(s).
Packet with SN 0 arrived - <sn0>/start/9AW7XDYN8U1PD
Accepted packet:  <sn0>/start/9AW7XDYN8U1PD
Packet with SN 1 arrived - <sn1>MRFT1RMNRE1ZIN41BC2C
Packet with SN 1 is corrupted.
Sending NACK for packet with SN:  1
Packet with SN 2 arrived - <sn2>P13DE874LBRA4EDJPG7M
Accepted packet:  <sn2>P13DE874LBRA4EDJPG7M
Packet with SN 3 arrived - <sn3>G01XTA6L3TDGPXY/end/
Accepted packet:  <sn3>G01XTA6L3TDGPXY/end/
Packet with SN 4 arrived - <sn4>/start/KJSO5NC7SM4Z2
Accepted packet:  <sn4>/start/KJSO5NC7SM4Z2
Packet with SN 1 arrived - <sn1>MRFT1RMNRE1ZIN41BC2C
Accepted packet:  <sn1>MRFT1RMNRE1ZIN41BC2C
Packet with SN 5 arrived - <sn5>7MKQZ30TTL0OZKU/end/
Accepted packet:  <sn5>7MKQZ30TTL0OZKU/end/
Packet with SN 6 arrived - <sn6>/start/3WIV4MV7NOHS0
Packet with SN 6 is corrupted.
Sending NACK for packet with SN:  6
Packet with SN 7 arrived - <sn7>V0RY0M5521VCT8W/end/
Accepted packet:  <sn7>V0RY0M5521VCT8W/end/
Packet with SN 6 arrived - <sn6>/start/3WIV4MV7NOHS0
Packet with SN 6 is corrupted.
Sending NACK for packet with SN:  6
Packet with SN 6 arrived - <sn6>/start/3WIV4MV7NOHS0
Accepted packet:  <sn6>/start/3WIV4MV7NOHS0
Sending ACK for packet with SN:  7
Received message of length 80 in 4 packet(s).
Received message of length 40 in 2 packet(s).
Received message of length 40 in 2 packet(s).
Packet with SN 0 arrived - <sn0>/start/E7K1I9J6MFZ22
Accepted packet:  <sn0>/start/E7K1I9J6MFZ22
Packet with SN 1 arrived - <sn1>QRO1LK2QAMHKLGP7AHFT
Accepted packet:  <sn1>QRO1LK2QAMHKLGP7AHFT
Packet with SN 2 arrived - <sn2>BNYDLCK41PCZWXU/end/
Accepted packet:  <sn2>BNYDLCK41PCZWXU/end/
Packet with SN 3 arrived - <sn3>/start/VM1ADAZAHOV9P
Accepted packet:  <sn3>/start/VM1ADAZAHOV9P
Packet with SN 4 arrived - <sn4>HGX0DWDYQ86XK3QPID7U
Accepted packet:  <sn4>HGX0DWDYQ86XK3QPID7U
Packet with SN 5 arrived - <sn5>22UGKRRGNGZSNMATT6Q5
Accepted packet:  <sn5>22UGKRRGNGZSNMATT6Q5
Packet with SN 6 arrived - <sn6>76Q0KZKNBE99FJO/end/
Accepted packet:  <sn6>76Q0KZKNBE99FJO/end/
Packet with SN 7 arrived - <sn7>/start/7UETAB0M/end/
Accepted packet:  <sn7>/start/7UETAB0M/end/
Sending ACK for packet with SN:  7
Received message of length 60 in 3 packet(s).
Received message of length 80 in 4 packet(s).
Received message of length 20 in 1 packet(s).
Packet with SN 0 arrived - <sn0>/start/07SSREBDBWLVX
Accepted packet:  <sn0>/start/07SSREBDBWLVX
Packet with SN 1 arrived - <sn1>2NMO65O2NAOADBSX5X4V
Packet with SN 1 is corrupted.
Sending NACK for packet with SN:  1
Packet with SN 2 arrived - <sn2>GS0FRYW7JSPP5KDB3AJW
Accepted packet:  <sn2>GS0FRYW7JSPP5KDB3AJW
Packet with SN 3 arrived - <sn3>WEA12JORVA4JM2X/end/
Accepted packet:  <sn3>WEA12JORVA4JM2X/end/
Packet with SN 4 arrived - <sn4>/start/K94C64HN/end/
Accepted packet:  <sn4>/start/K94C64HN/end/
Packet with SN 1 arrived - <sn1>2NMO65O2NAOADBSX5X4V
Accepted packet:  <sn1>2NMO65O2NAOADBSX5X4V
Packet with SN 5 arrived - <sn5>/start/612H2A09ZK83W
Accepted packet:  <sn5>/start/612H2A09ZK83W
Packet with SN 6 arrived - <sn6>BCPW3PPR2OC6V5C/end/
Accepted packet:  <sn6>BCPW3PPR2OC6V5C/end/
Packet with SN 7 arrived - <sn7>/start/UIHJ30314W0WS
Accepted packet:  <sn7>/start/UIHJ30314W0WS
Sending ACK for packet with SN:  7
Received message of length 80 in 4 packet(s).
Received message of length 20 in 1 packet(s).
Received message of length 40 in 2 packet(s).
Packet with SN 0 arrived - <sn0>UHV94PXLNYN6A14135GM
Accepted packet:  <sn0>UHV94PXLNYN6A14135GM
Packet with SN 1 arrived - <sn1>VSPCDK4YOXXNY55QCQPH
Accepted packet:  <sn1>VSPCDK4YOXXNY55QCQPH
Packet with SN 2 arrived - <sn2>FQUKJ120N3N5KTY/end/
Accepted packet:  <sn2>FQUKJ120N3N5KTY/end/
Packet with SN 3 arrived - <sn3>/start/MP66K18I9DIXX
Packet with SN 3 is corrupted.
Sending NACK for packet with SN:  3
Packet with SN 4 arrived - <sn4>XRT1UF90XD74VB0OHGSY
Accepted packet:  <sn4>XRT1UF90XD74VB0OHGSY
Packet with SN 5 arrived - <sn5>N5LHTPYG3V8X5JAMYZWK
Accepted packet:  <sn5>N5LHTPYG3V8X5JAMYZWK
Packet with SN 6 arrived - <sn6>UUX6DJCM7XPVLFR/end/
Accepted packet:  <sn6>UUX6DJCM7XPVLFR/end/
Packet with SN 3 arrived - <sn3>/start/MP66K18I9DIXX
Accepted packet:  <sn3>/start/MP66K18I9DIXX
Packet with SN 7 arrived - <sn7>/start/VW6JJ0RQ3PK1O
Accepted packet:  <sn7>/start/VW6JJ0RQ3PK1O
Sending ACK for packet with SN:  7
Received message of length 80 in 4 packet(s).
Received message of length 80 in 4 packet(s).
Packet with SN 0 arrived - <sn0>KNO5X50CLF7JUDP/end/
Accepted packet:  <sn0>KNO5X50CLF7JUDP/end/
Packet with SN 1 arrived - <sn1>/start/QX1WYKS29ZWJE
Packet with SN 1 is corrupted.
Sending NACK for packet with SN:  1
Packet with SN 2 arrived - <sn2>XGFF942TVIWRVJ3/end/
Accepted packet:  <sn2>XGFF942TVIWRVJ3/end/
Packet with SN 3 arrived - <sn3>/start/0O07RGJ7K0I2J
Accepted packet:  <sn3>/start/0O07RGJ7K0I2J
Packet with SN 4 arrived - <sn4>K1P8AE2WPKBKGXCU269R
Accepted packet:  <sn4>K1P8AE2WPKBKGXCU269R
Packet with SN 1 arrived - <sn1>/start/QX1WYKS29ZWJE
Accepted packet:  <sn1>/start/QX1WYKS29ZWJE
Packet with SN 5 arrived - <sn5>M5HYB8EM6NRY8CR/end/
Accepted packet:  <sn5>M5HYB8EM6NRY8CR/end/
Packet with SN 6 arrived - <sn6>/start/RP9YAEM3G7TPU
Packet with SN 6 is corrupted.
Sending NACK for packet with SN:  6
Packet with SN 7 arrived - <sn7>1856G0OAJE9Z99I9ZR0G
Accepted packet:  <sn7>1856G0OAJE9Z99I9ZR0G
Packet with SN 6 arrived - <sn6>/start/RP9YAEM3G7TPU
Accepted packet:  <sn6>/start/RP9YAEM3G7TPU
Sending ACK for packet with SN:  7
Received message of length 40 in 2 packet(s).
Received message of length 40 in 2 packet(s).
Received message of length 60 in 3 packet(s).
Packet with SN 0 arrived - <sn0>OIJCL70TQGE0KWN/end/
Accepted packet:  <sn0>OIJCL70TQGE0KWN/end/
Packet with SN 1 arrived - <sn1>/start/T8B3BK69/end/
Accepted packet:  <sn1>/start/T8B3BK69/end/
Packet with SN 2 arrived - <sn2>/start/Z9KW0TGL/end/
Accepted packet:  <sn2>/start/Z9KW0TGL/end/
Packet with SN 3 arrived - <sn3>/start/FL13HAKPHPDG3
Accepted packet:  <sn3>/start/FL13HAKPHPDG3
Packet with SN 4 arrived - <sn4>UMFBYFOCLBO1G24/end/
Accepted packet:  <sn4>UMFBYFOCLBO1G24/end/
Packet with SN 5 arrived - <sn5>/start/RAIIM0JQSP599
Accepted packet:  <sn5>/start/RAIIM0JQSP599
Packet with SN 6 arrived - <sn6>T6FIDE14U18IQ6A/end/
Accepted packet:  <sn6>T6FIDE14U18IQ6A/end/
Packet with SN 7 arrived - <sn7>/start/ZVYU38N197KLP
Accepted packet:  <sn7>/start/ZVYU38N197KLP
Sending ACK for packet with SN:  7
Received message of length 60 in 3 packet(s).
Received message of length 20 in 1 packet(s).
Received message of length 20 in 1 packet(s).
Received message of length 40 in 2 packet(s).
Received message of length 40 in 2 packet(s).
Packet with SN 0 arrived - <sn0>S8BRDT5OTK62U63/end/
Accepted packet:  <sn0>S8BRDT5OTK62U63/end/
Packet with SN 1 arrived - <sn1>/start/DXS9KGK5SMKHS
Accepted packet:  <sn1>/start/DXS9KGK5SMKHS
Packet with SN 2 arrived - <sn2>3ZPR43LP53WUB552PE99
Packet with SN 2 is corrupted.
Sending NACK for packet with SN:  2
Packet with SN 3 arrived - <sn3>1EQSFARPN7PNFEGNA1A2
Accepted packet:  <sn3>1EQSFARPN7PNFEGNA1A2
Packet with SN 4 arrived - <sn4>X0Z6LQIWUC2KNP7/end/
Accepted packet:  <sn4>X0Z6LQIWUC2KNP7/end/
Packet with SN 5 arrived - <sn5>/start/5YMON0VEZXQCL
Accepted packet:  <sn5>/start/5YMON0VEZXQCL
Packet with SN 2 arrived - <sn2>3ZPR43LP53WUB552PE99
Packet with SN 2 is corrupted.
Sending NACK for packet with SN:  2
Packet with SN 6 arrived - <sn6>0XO24TPJW3MFGAYAEFDI
Accepted packet:  <sn6>0XO24TPJW3MFGAYAEFDI
Packet with SN 7 arrived - <sn7>HI8LLSCH6IEM219O4D8N
Accepted packet:  <sn7>HI8LLSCH6IEM219O4D8N
Packet with SN 2 arrived - <sn2>3ZPR43LP53WUB552PE99
Accepted packet:  <sn2>3ZPR43LP53WUB552PE99
Sending ACK for packet with SN:  7
Received message of length 40 in 2 packet(s).
Received message of length 80 in 4 packet(s).
Packet with SN 0 arrived - <sn0>4YUVEUQWRAC8PLIWLLIW
Accepted packet:  <sn0>4YUVEUQWRAC8PLIWLLIW
Packet with SN 1 arrived - <sn1>ITWEFQVPCVCIP1K/end/
Accepted packet:  <sn1>ITWEFQVPCVCIP1K/end/
Packet with SN 2 arrived - <sn2>/start/X0V2E7TWOAMHS
Accepted packet:  <sn2>/start/X0V2E7TWOAMHS
Packet with SN 3 arrived - <sn3>JCJB4M6A7AELGHUEVXNU
Accepted packet:  <sn3>JCJB4M6A7AELGHUEVXNU
Packet with SN 4 arrived - <sn4>HMNSXPHLCVQL6BS/end/
Accepted packet:  <sn4>HMNSXPHLCVQL6BS/end/
Packet with SN 5 arrived - <sn5>/start/JXT5RIZT4GN42
Accepted packet:  <sn5>/start/JXT5RIZT4GN42
Packet with SN 6 arrived - <sn6>URIFT2Q0KSLR171/end/
Packet with SN 6 is corrupted.
Sending NACK for packet with SN:  6
Packet with SN 7 arrived - <sn7>/start/FANT8PMYM5YRJ
Accepted packet:  <sn7>/start/FANT8PMYM5YRJ
Packet with SN 6 arrived - <sn6>URIFT2Q0KSLR171/end/
Accepted packet:  <sn6>URIFT2Q0KSLR171/end/
Sending ACK for packet with SN:  7
Received message of length 100 in 5 packet(s).
Received message of length 60 in 3 packet(s).
Received message of length 40 in 2 packet(s).
Packet with SN 0 arrived - <sn0>P15JIVK12H6RO4FJ4BPJ
Accepted packet:  <sn0>P15JIVK12H6RO4FJ4BPJ
Packet with SN 1 arrived - <sn1>0N9JP0Q206M9AUEC6W4T
Accepted packet:  <sn1>0N9JP0Q206M9AUEC6W4T
Packet with SN 2 arrived - <sn2>MNNUAJJGM4XP44T/end/
Accepted packet:  <sn2>MNNUAJJGM4XP44T/end/
Packet with SN 3 arrived - <sn3>/start/GCP1XODAKM7XK
Accepted packet:  <sn3>/start/GCP1XODAKM7XK
Packet with SN 4 arrived - <sn4>MV4JXYUNGEU82OYIVXZM
Packet with SN 4 is corrupted.
Sending NACK for packet with SN:  4
Packet with SN 5 arrived - <sn5>CXLHLGW2W5O0GFA/end/
Accepted packet:  <sn5>CXLHLGW2W5O0GFA/end/
Packet with SN 6 arrived - <sn6>/start/W84WRB1IH34Z9
Accepted packet:  <sn6>/start/W84WRB1IH34Z9
Packet with SN 7 arrived - <sn7>HQOZF3OEQPJ0RS1/end/
Accepted packet:  <sn7>HQOZF3OEQPJ0RS1/end/
Packet with SN 4 arrived - <sn4>MV4JXYUNGEU82OYIVXZM
Accepted packet:  <sn4>MV4JXYUNGEU82OYIVXZM
Sending ACK for packet with SN:  7
Received message of length 80 in 4 packet(s).
Received message of length 60 in 3 packet(s).
Received message of length 40 in 2 packet(s).
Packet with SN 0 arrived - <sn0>/start/KL4EKWW6MNUJU
Packet with SN 0 is corrupted.
Sending NACK for packet with SN:  0
Packet with SN 1 arrived - <sn1>7DKPKLE5CTLJAFE/end/
Accepted packet:  <sn1>7DKPKLE5CTLJAFE/end/
Packet with SN 2 arrived - <sn2>/start/0FESH2NMHY8R0
Accepted packet:  <sn2>/start/0FESH2NMHY8R0
Packet with SN 3 arrived - <sn3>3QRY7I72NO8MZ2KBF07K
Packet with SN 3 is corrupted.
Sending NACK for packet with SN:  3
Packet with SN 0 arrived - <sn0>/start/KL4EKWW6MNUJU
Accepted packet:  <sn0>/start/KL4EKWW6MNUJU
Packet with SN 4 arrived - <sn4>D51UMRPN1I7XSGO/end/
Accepted packet:  <sn4>D51UMRPN1I7XSGO/end/
Packet with SN 5 arrived - <sn5>/start/I7JR64JUD9ZGJ
Packet with SN 5 is corrupted.
Sending NACK for packet with SN:  5
Packet with SN 6 arrived - <sn6>P7JM8ODRZ30HMUTOPAN1
Packet with SN 6 is corrupted.
Sending NACK for packet with SN:  6
Packet with SN 7 arrived - <sn7>F0R3KUACRQS0PHGMSUJQ
Packet with SN 7 is corrupted.
Sending NACK for packet with SN:  7
Packet with SN 3 arrived - <sn3>3QRY7I72NO8MZ2KBF07K
Accepted packet:  <sn3>3QRY7I72NO8MZ2KBF07K
Packet with SN 5 arrived - <sn5>/start/I7JR64JUD9ZGJ
Accepted packet:  <sn5>/start/I7JR64JUD9ZGJ
Packet with SN 6 arrived - <sn6>P7JM8ODRZ30HMUTOPAN1
Packet with SN 6 is corrupted.
Sending NACK for packet with SN:  6
Packet with SN 7 arrived - <sn7>F0R3KUACRQS0PHGMSUJQ
Accepted packet:  <sn7>F0R3KUACRQS0PHGMSUJQ
Packet with SN 6 arrived - <sn6>P7JM8ODRZ30HMUTOPAN1
Accepted packet:  <sn6>P7JM8ODRZ30HMUTOPAN1
Sending ACK for packet with SN:  7
Received message of length 40 in 2 packet(s).
Received message of length 60 in 3 packet(s).
Packet with SN 0 arrived - <sn0>M8AGZD8OFHO24JU/end/
Packet with SN 0 is corrupted.
Sending NACK for packet with SN:  0
Packet with SN 1 arrived - <sn1>/start/SJALMJVQBILPC
Accepted packet:  <sn1>/start/SJALMJVQBILPC
Packet with SN 2 arrived - <sn2>CYTFRYF115JKNT3IQQDK
Accepted packet:  <sn2>CYTFRYF115JKNT3IQQDK
Packet with SN 3 arrived - <sn3>6KFZR3MFI88F0TFCVOEZ
Accepted packet:  <sn3>6KFZR3MFI88F0TFCVOEZ
Packet with SN 0 arrived - <sn0>M8AGZD8OFHO24JU/end/
Accepted packet:  <sn0>M8AGZD8OFHO24JU/end/
Packet with SN 4 arrived - <sn4>C1C3W6S6BBHJQFZ91A11
Accepted packet:  <sn4>C1C3W6S6BBHJQFZ91A11
Packet with SN 5 arrived - <sn5>GUUOW5ML2WV6X3A/end/
Accepted packet:  <sn5>GUUOW5ML2WV6X3A/end/
Packet with SN 6 arrived - <sn6>/start/MOOZS9FFI6IYU
Accepted packet:  <sn6>/start/MOOZS9FFI6IYU
Packet with SN 7 arrived - <sn7>LM78OWO3TNP5UBKGUMCO
Accepted packet:  <sn7>LM78OWO3TNP5UBKGUMCO
Sending ACK for packet with SN:  7
Received message of length 80 in 4 packet(s).
Received message of length 100 in 5 packet(s).
Packet with SN 0 arrived - <sn0>TCF0ATYMC99KM1XRNUIM
Accepted packet:  <sn0>TCF0ATYMC99KM1XRNUIM
Packet with SN 1 arrived - <sn1>OJTYCJK61JGMXRQV0L77
Accepted packet:  <sn1>OJTYCJK61JGMXRQV0L77
Packet with SN 2 arrived - <sn2>U09GBBQR0EMA4E5/end/
Packet with SN 2 is corrupted.
Sending NACK for packet with SN:  2
Packet with SN 3 arrived - <sn3>/start/GX5JS2UOP19NQ
Accepted packet:  <sn3>/start/GX5JS2UOP19NQ
Packet with SN 4 arrived - <sn4>V8RNGGI1SGBL1ILQ0ZSO
Accepted packet:  <sn4>V8RNGGI1SGBL1ILQ0ZSO
Packet with SN 5 arrived - <sn5>SLKCGS147IJQS9UMK0H3
Accepted packet:  <sn5>SLKCGS147IJQS9UMK0H3
Packet with SN 2 arrived - <sn2>U09GBBQR0EMA4E5/end/
Accepted packet:  <sn2>U09GBBQR0EMA4E5/end/
Packet with SN 6 arrived - <sn6>C4JP7L6K75YCPTEHIASN
Accepted packet:  <sn6>C4JP7L6K75YCPTEHIASN
Packet with SN 7 arrived - <sn7>IMHYQFRVZRWAJB9/end/
Accepted packet:  <sn7>IMHYQFRVZRWAJB9/end/
Sending ACK for packet with SN:  7
Received message of length 100 in 5 packet(s).
Received message of length 100 in 5 packet(s).
Packet with SN 0 arrived - <sn0>/start/PKJ8RZHACODN0
Accepted packet:  <sn0>/start/PKJ8RZHACODN0
Packet with SN 1 arrived - <sn1>SLRY2NTQ4U3GIAHKLYJI
Accepted packet:  <sn1>SLRY2NTQ4U3GIAHKLYJI
Packet with SN 2 arrived - <sn2>O38L8A1BVHRZ104WX832
Accepted packet:  <sn2>O38L8A1BVHRZ104WX832
Packet with SN 3 arrived - <sn3>Z7S1LA4V66J48U1/end/
Packet with SN 3 is corrupted.
Sending NACK for packet with SN:  3
Packet with SN 4 arrived - <sn4>/start/K45QTSQM5HGXG
Accepted packet:  <sn4>/start/K45QTSQM5HGXG
Packet with SN 5 arrived - <sn5>NKKF29JKFAICZDWZDQ0N
Accepted packet:  <sn5>NKKF29JKFAICZDWZDQ0N
Packet with SN 6 arrived - <sn6>O1P0EQ8QER789JX8BQQH
Accepted packet:  <sn6>O1P0EQ8QER789JX8BQQH
Packet with SN 3 arrived - <sn3>Z7S1LA4V66J48U1/end/
Accepted packet:  <sn3>Z7S1LA4V66J48U1/end/
Packet with SN 7 arrived - <sn7>Q542E8AO3FK5YDL/end/
Accepted packet:  <sn7>Q542E8AO3FK5YDL/end/
Sending ACK for packet with SN:  7
Received message of length 80 in 4 packet(s).
Received message of length 80 in 4 packet(s).
Packet with SN 0 arrived - <sn0>/start/F8DGWW9SRUJ9C
Accepted packet:  <sn0>/start/F8DGWW9SRUJ9C
Packet with SN 1 arrived - <sn1>VVUI204GOEYRDQO/end/
Accepted packet:  <sn1>VVUI204GOEYRDQO/end/
Packet with SN 2 arrived - <sn2>/start/Y5JMAJNO0ICRB
Accepted packet:  <sn2>/start/Y5JMAJNO0ICRB
Packet with SN 3 arrived - <sn3>8EJ4UFCQ5ECFRHF9URNK
Accepted packet:  <sn3>8EJ4UFCQ5ECFRHF9URNK
Packet with SN 4 arrived - <sn4>P1G8USBOMZ4P60U/end/
Accepted packet:  <sn4>P1G8USBOMZ4P60U/end/
Packet with SN 5 arrived - <sn5>/start/M9XFVDO4/end/
Accepted packet:  <sn5>/start/M9XFVDO4/end/
Packet with SN 6 arrived - <sn6>/start/YAF94D5RCHRXX
Accepted packet:  <sn6>/start/YAF94D5RCHRXX
Packet with SN 7 arrived - <sn7>2L6PZ4RZS8AQH2EYHTT1
Accepted packet:  <sn7>2L6PZ4RZS8AQH2EYHTT1
Sending ACK for packet with SN:  7
Received message of length 40 in 2 packet(s).
Received message of length 60 in 3 packet(s).
Received message of length 20 in 1 packet(s).
Packet with SN 0 arrived - <sn0>14843XTCXFPO5H03F66Y
Accepted packet:  <sn0>14843XTCXFPO5H03F66Y
Packet with SN 1 arrived - <sn1>Z4XUL0QY6AJPWMH/end/
Accepted packet:  <sn1>Z4XUL0QY6AJPWMH/end/
Packet with SN 2 arrived - <sn2>/start/X8HI7ENQ2PS3V
Packet with SN 2 is corrupted.
Sending NACK for packet with SN:  2
Packet with SN 3 arrived - <sn3>49G7REP88GBWR0FOXGDS
Accepted packet:  <sn3>49G7REP88GBWR0FOXGDS
Packet with SN 4 arrived - <sn4>F33S2G598MNR9GLBTM39
Packet with SN 4 is corrupted.
Sending NACK for packet with SN:  4
Packet with SN 5 arrived - <sn5>WUR30R9T06JU41B/end/
Accepted packet:  <sn5>WUR30R9T06JU41B/end/
Packet with SN 2 arrived - <sn2>/start/X8HI7ENQ2PS3V
Accepted packet:  <sn2>/start/X8HI7ENQ2PS3V
Packet with SN 6 arrived - <sn6>/start/0LM0WZ6G3PJEN
Packet with SN 6 is corrupted.
Sending NACK for packet with SN:  6
Packet with SN 7 arrived - <sn7>2U207NQAE97VSW4/end/
Accepted packet:  <sn7>2U207NQAE97VSW4/end/
Packet with SN 4 arrived - <sn4>F33S2G598MNR9GLBTM39
Packet with SN 4 is corrupted.
Sending NACK for packet with SN:  4
Packet with SN 6 arrived - <sn6>/start/0LM0WZ6G3PJEN
Accepted packet:  <sn6>/start/0LM0WZ6G3PJEN
Packet with SN 4 arrived - <sn4>F33S2G598MNR9GLBTM39
Accepted packet:  <sn4>F33S2G598MNR9GLBTM39
Sending ACK for packet with SN:  7
Received message of length 80 in 4 packet(s).
Received message of length 80 in 4 packet(s).
Received message of length 40 in 2 packet(s).
Packet with SN 0 arrived - <sn0>/start/XN5Y7MKXK6BGZ
Accepted packet:  <sn0>/start/XN5Y7MKXK6BGZ
